
Mar 29, 2022 16:38:29.976 NEW SESSION
Mar 29, 2022 16:38:29.977 [2777837:2777837:0329/163829.940146:ERROR:sandbox_linux.cc(377)] InitializeSandbox() called with multiple threads in process gpu-process.
Mar 29, 2022 16:38:30.211 Opening in existing browser session.
Mar 30, 2022 11:47:11.270 [2818051:2818051:0330/114711.270058:ERROR:sandbox_linux.cc(377)] InitializeSandbox() called with multiple threads in process gpu-process.
Mar 30, 2022 11:47:11.490 Opening in existing browser session.
Mar 30, 2022 11:48:51.903 [2818295:2818295:0330/114851.903315:ERROR:sandbox_linux.cc(377)] InitializeSandbox() called with multiple threads in process gpu-process.
Mar 30, 2022 11:48:52.130 Opening in existing browser session.
Mar 30, 2022 11:49:35.863 [2818454:2818454:0330/114935.863184:ERROR:sandbox_linux.cc(377)] InitializeSandbox() called with multiple threads in process gpu-process.
Mar 30, 2022 11:49:36.114 Opening in existing browser session.
Mar 30, 2022 11:54:04.186 [2818768:2818768:0330/115404.185806:ERROR:sandbox_linux.cc(377)] InitializeSandbox() called with multiple threads in process gpu-process.
Mar 30, 2022 11:54:04.400 Opening in existing browser session.
Mar 30, 2022 11:56:21.891 [2819066:2819066:0330/115621.891692:ERROR:sandbox_linux.cc(377)] InitializeSandbox() called with multiple threads in process gpu-process.
Mar 30, 2022 11:56:22.117 Opening in existing browser session.
Mar 30, 2022 11:57:32.563 [2819233:2819233:0330/115732.563120:ERROR:sandbox_linux.cc(377)] InitializeSandbox() called with multiple threads in process gpu-process.
Mar 30, 2022 11:57:32.768 Opening in existing browser session.
Mar 30, 2022 12:01:54.980 [2820040:2820040:0330/120154.980028:ERROR:sandbox_linux.cc(377)] InitializeSandbox() called with multiple threads in process gpu-process.
Mar 30, 2022 12:01:55.201 Opening in existing browser session.
Mar 31, 2022 10:33:19.161 [2872342:2872342:0331/103319.161568:ERROR:sandbox_linux.cc(377)] InitializeSandbox() called with multiple threads in process gpu-process.
Mar 31, 2022 10:33:19.413 Opening in existing browser session.
Mar 31, 2022 11:24:02.360 [2875104:2875104:0331/112402.359862:ERROR:sandbox_linux.cc(377)] InitializeSandbox() called with multiple threads in process gpu-process.
Mar 31, 2022 11:24:02.582 Opening in existing browser session.
Mar 31, 2022 11:30:27.578 [2875403:2875403:0331/113027.577803:ERROR:sandbox_linux.cc(377)] InitializeSandbox() called with multiple threads in process gpu-process.
Mar 31, 2022 11:30:27.834 Opening in existing browser session.

Apr 07, 2022 12:53:07.584 NEW SESSION
Apr 07, 2022 12:53:07.584 [414392:414392:0407/125307.583383:ERROR:sandbox_linux.cc(377)] InitializeSandbox() called with multiple threads in process gpu-process.
Apr 07, 2022 12:53:07.913 Opening in existing browser session.
Apr 07, 2022 12:58:43.917 [414737:414737:0407/125843.917424:ERROR:sandbox_linux.cc(377)] InitializeSandbox() called with multiple threads in process gpu-process.
Apr 07, 2022 12:58:44.134 Opening in existing browser session.
Apr 07, 2022 17:08:38.254 [423427:423427:0407/170838.253750:ERROR:sandbox_linux.cc(377)] InitializeSandbox() called with multiple threads in process gpu-process.
Apr 07, 2022 17:08:38.517 Opening in existing browser session.
Apr 07, 2022 17:15:12.289 [424227:424227:0407/171512.289404:ERROR:sandbox_linux.cc(377)] InitializeSandbox() called with multiple threads in process gpu-process.
Apr 07, 2022 17:15:12.519 Opening in existing browser session.
Apr 07, 2022 17:18:05.761 [424570:424570:0407/171805.760875:ERROR:sandbox_linux.cc(377)] InitializeSandbox() called with multiple threads in process gpu-process.
Apr 07, 2022 17:18:05.994 Opening in existing browser session.
Apr 07, 2022 18:12:19.119 [426850:426850:0407/181219.119133:ERROR:sandbox_linux.cc(377)] InitializeSandbox() called with multiple threads in process gpu-process.
Apr 07, 2022 18:12:19.369 Opening in existing browser session.
Apr 07, 2022 18:47:41.873 [428735:428735:0407/184741.873312:ERROR:sandbox_linux.cc(377)] InitializeSandbox() called with multiple threads in process gpu-process.
Apr 07, 2022 18:47:42.89 Opening in existing browser session.
Apr 07, 2022 18:53:47.201 [429151:429151:0407/185347.200750:ERROR:sandbox_linux.cc(377)] InitializeSandbox() called with multiple threads in process gpu-process.
Apr 07, 2022 18:53:47.435 Opening in existing browser session.
Apr 07, 2022 19:08:03.366 [429834:429834:0407/190803.366282:ERROR:sandbox_linux.cc(377)] InitializeSandbox() called with multiple threads in process gpu-process.
Apr 07, 2022 19:08:03.573 Opening in existing browser session.
Apr 08, 2022 18:54:43.504 [476139:476139:0408/185443.504373:ERROR:sandbox_linux.cc(377)] InitializeSandbox() called with multiple threads in process gpu-process.
Apr 08, 2022 18:54:43.742 Opening in existing browser session.
Apr 08, 2022 18:57:48.250 [476441:476441:0408/185748.249917:ERROR:sandbox_linux.cc(377)] InitializeSandbox() called with multiple threads in process gpu-process.
Apr 08, 2022 18:57:48.449 Opening in existing browser session.
Apr 08, 2022 18:58:52.934 [476669:476669:0408/185852.934511:ERROR:sandbox_linux.cc(377)] InitializeSandbox() called with multiple threads in process gpu-process.
Apr 08, 2022 18:58:53.166 Opening in existing browser session.
Apr 08, 2022 18:59:10.533 [476764:476764:0408/185910.533416:ERROR:sandbox_linux.cc(377)] InitializeSandbox() called with multiple threads in process gpu-process.
Apr 08, 2022 18:59:10.764 Opening in existing browser session.
Apr 08, 2022 19:00:55.603 [477038:477038:0408/190055.603047:ERROR:sandbox_linux.cc(377)] InitializeSandbox() called with multiple threads in process gpu-process.
Apr 08, 2022 19:00:55.815 Opening in existing browser session.
Apr 08, 2022 19:01:33.154 [477179:477179:0408/190133.154589:ERROR:sandbox_linux.cc(377)] InitializeSandbox() called with multiple threads in process gpu-process.
Apr 08, 2022 19:01:33.376 Opening in existing browser session.
Apr 08, 2022 19:02:30.13 [477361:477361:0408/190230.013611:ERROR:sandbox_linux.cc(377)] InitializeSandbox() called with multiple threads in process gpu-process.
Apr 08, 2022 19:02:30.220 Opening in existing browser session.
Apr 08, 2022 19:04:47.313 [477653:477653:0408/190447.313646:ERROR:sandbox_linux.cc(377)] InitializeSandbox() called with multiple threads in process gpu-process.
Apr 08, 2022 19:04:47.529 Opening in existing browser session.
Apr 08, 2022 19:06:03.53 [477933:477933:0408/190603.052936:ERROR:sandbox_linux.cc(377)] InitializeSandbox() called with multiple threads in process gpu-process.
Apr 08, 2022 19:06:03.268 Opening in existing browser session.
Apr 08, 2022 19:07:30.31 [478159:478159:0408/190730.031554:ERROR:sandbox_linux.cc(377)] InitializeSandbox() called with multiple threads in process gpu-process.
Apr 08, 2022 19:07:30.238 Opening in existing browser session.
Apr 08, 2022 20:17:27.307 [481477:481477:0408/201727.307551:ERROR:sandbox_linux.cc(377)] InitializeSandbox() called with multiple threads in process gpu-process.
Apr 08, 2022 20:17:27.529 Opening in existing browser session.
Apr 08, 2022 20:19:20.787 [481701:481701:0408/201920.787397:ERROR:sandbox_linux.cc(377)] InitializeSandbox() called with multiple threads in process gpu-process.
Apr 08, 2022 20:19:21.22 Opening in existing browser session.
Apr 08, 2022 20:39:43.796 [483742:483742:0408/203943.796408:ERROR:sandbox_linux.cc(377)] InitializeSandbox() called with multiple threads in process gpu-process.
Apr 08, 2022 20:39:44.20 Opening in existing browser session.
