
Mar 29, 2022 16:38:29.976 NEW SESSION
Mar 29, 2022 16:38:29.977 [2777837:2777837:0329/163829.940146:ERROR:sandbox_linux.cc(377)] InitializeSandbox() called with multiple threads in process gpu-process.
Mar 29, 2022 16:38:30.211 Opening in existing browser session.
Mar 30, 2022 11:47:11.270 [2818051:2818051:0330/114711.270058:ERROR:sandbox_linux.cc(377)] InitializeSandbox() called with multiple threads in process gpu-process.
Mar 30, 2022 11:47:11.490 Opening in existing browser session.
Mar 30, 2022 11:48:51.903 [2818295:2818295:0330/114851.903315:ERROR:sandbox_linux.cc(377)] InitializeSandbox() called with multiple threads in process gpu-process.
Mar 30, 2022 11:48:52.130 Opening in existing browser session.
Mar 30, 2022 11:49:35.863 [2818454:2818454:0330/114935.863184:ERROR:sandbox_linux.cc(377)] InitializeSandbox() called with multiple threads in process gpu-process.
Mar 30, 2022 11:49:36.114 Opening in existing browser session.
Mar 30, 2022 11:54:04.186 [2818768:2818768:0330/115404.185806:ERROR:sandbox_linux.cc(377)] InitializeSandbox() called with multiple threads in process gpu-process.
Mar 30, 2022 11:54:04.400 Opening in existing browser session.
Mar 30, 2022 11:56:21.891 [2819066:2819066:0330/115621.891692:ERROR:sandbox_linux.cc(377)] InitializeSandbox() called with multiple threads in process gpu-process.
Mar 30, 2022 11:56:22.117 Opening in existing browser session.
Mar 30, 2022 11:57:32.563 [2819233:2819233:0330/115732.563120:ERROR:sandbox_linux.cc(377)] InitializeSandbox() called with multiple threads in process gpu-process.
Mar 30, 2022 11:57:32.768 Opening in existing browser session.
Mar 30, 2022 12:01:54.980 [2820040:2820040:0330/120154.980028:ERROR:sandbox_linux.cc(377)] InitializeSandbox() called with multiple threads in process gpu-process.
Mar 30, 2022 12:01:55.201 Opening in existing browser session.
Mar 31, 2022 10:33:19.161 [2872342:2872342:0331/103319.161568:ERROR:sandbox_linux.cc(377)] InitializeSandbox() called with multiple threads in process gpu-process.
Mar 31, 2022 10:33:19.413 Opening in existing browser session.
Mar 31, 2022 11:24:02.360 [2875104:2875104:0331/112402.359862:ERROR:sandbox_linux.cc(377)] InitializeSandbox() called with multiple threads in process gpu-process.
Mar 31, 2022 11:24:02.582 Opening in existing browser session.
Mar 31, 2022 11:30:27.578 [2875403:2875403:0331/113027.577803:ERROR:sandbox_linux.cc(377)] InitializeSandbox() called with multiple threads in process gpu-process.
Mar 31, 2022 11:30:27.834 Opening in existing browser session.

Apr 07, 2022 12:53:07.584 NEW SESSION
Apr 07, 2022 12:53:07.584 [414392:414392:0407/125307.583383:ERROR:sandbox_linux.cc(377)] InitializeSandbox() called with multiple threads in process gpu-process.
Apr 07, 2022 12:53:07.913 Opening in existing browser session.
Apr 07, 2022 12:58:43.917 [414737:414737:0407/125843.917424:ERROR:sandbox_linux.cc(377)] InitializeSandbox() called with multiple threads in process gpu-process.
Apr 07, 2022 12:58:44.134 Opening in existing browser session.
Apr 07, 2022 17:08:38.254 [423427:423427:0407/170838.253750:ERROR:sandbox_linux.cc(377)] InitializeSandbox() called with multiple threads in process gpu-process.
Apr 07, 2022 17:08:38.517 Opening in existing browser session.
Apr 07, 2022 17:15:12.289 [424227:424227:0407/171512.289404:ERROR:sandbox_linux.cc(377)] InitializeSandbox() called with multiple threads in process gpu-process.
Apr 07, 2022 17:15:12.519 Opening in existing browser session.
Apr 07, 2022 17:18:05.761 [424570:424570:0407/171805.760875:ERROR:sandbox_linux.cc(377)] InitializeSandbox() called with multiple threads in process gpu-process.
Apr 07, 2022 17:18:05.994 Opening in existing browser session.
Apr 07, 2022 18:12:19.119 [426850:426850:0407/181219.119133:ERROR:sandbox_linux.cc(377)] InitializeSandbox() called with multiple threads in process gpu-process.
Apr 07, 2022 18:12:19.369 Opening in existing browser session.
Apr 07, 2022 18:47:41.873 [428735:428735:0407/184741.873312:ERROR:sandbox_linux.cc(377)] InitializeSandbox() called with multiple threads in process gpu-process.
Apr 07, 2022 18:47:42.89 Opening in existing browser session.
Apr 07, 2022 18:53:47.201 [429151:429151:0407/185347.200750:ERROR:sandbox_linux.cc(377)] InitializeSandbox() called with multiple threads in process gpu-process.
Apr 07, 2022 18:53:47.435 Opening in existing browser session.
Apr 07, 2022 19:08:03.366 [429834:429834:0407/190803.366282:ERROR:sandbox_linux.cc(377)] InitializeSandbox() called with multiple threads in process gpu-process.
Apr 07, 2022 19:08:03.573 Opening in existing browser session.
Apr 08, 2022 18:54:43.504 [476139:476139:0408/185443.504373:ERROR:sandbox_linux.cc(377)] InitializeSandbox() called with multiple threads in process gpu-process.
Apr 08, 2022 18:54:43.742 Opening in existing browser session.
Apr 08, 2022 18:57:48.250 [476441:476441:0408/185748.249917:ERROR:sandbox_linux.cc(377)] InitializeSandbox() called with multiple threads in process gpu-process.
Apr 08, 2022 18:57:48.449 Opening in existing browser session.
Apr 08, 2022 18:58:52.934 [476669:476669:0408/185852.934511:ERROR:sandbox_linux.cc(377)] InitializeSandbox() called with multiple threads in process gpu-process.
Apr 08, 2022 18:58:53.166 Opening in existing browser session.
Apr 08, 2022 18:59:10.533 [476764:476764:0408/185910.533416:ERROR:sandbox_linux.cc(377)] InitializeSandbox() called with multiple threads in process gpu-process.
Apr 08, 2022 18:59:10.764 Opening in existing browser session.
Apr 08, 2022 19:00:55.603 [477038:477038:0408/190055.603047:ERROR:sandbox_linux.cc(377)] InitializeSandbox() called with multiple threads in process gpu-process.
Apr 08, 2022 19:00:55.815 Opening in existing browser session.
Apr 08, 2022 19:01:33.154 [477179:477179:0408/190133.154589:ERROR:sandbox_linux.cc(377)] InitializeSandbox() called with multiple threads in process gpu-process.
Apr 08, 2022 19:01:33.376 Opening in existing browser session.
Apr 08, 2022 19:02:30.13 [477361:477361:0408/190230.013611:ERROR:sandbox_linux.cc(377)] InitializeSandbox() called with multiple threads in process gpu-process.
Apr 08, 2022 19:02:30.220 Opening in existing browser session.
Apr 08, 2022 19:04:47.313 [477653:477653:0408/190447.313646:ERROR:sandbox_linux.cc(377)] InitializeSandbox() called with multiple threads in process gpu-process.
Apr 08, 2022 19:04:47.529 Opening in existing browser session.
Apr 08, 2022 19:06:03.53 [477933:477933:0408/190603.052936:ERROR:sandbox_linux.cc(377)] InitializeSandbox() called with multiple threads in process gpu-process.
Apr 08, 2022 19:06:03.268 Opening in existing browser session.
Apr 08, 2022 19:07:30.31 [478159:478159:0408/190730.031554:ERROR:sandbox_linux.cc(377)] InitializeSandbox() called with multiple threads in process gpu-process.
Apr 08, 2022 19:07:30.238 Opening in existing browser session.
Apr 08, 2022 20:17:27.307 [481477:481477:0408/201727.307551:ERROR:sandbox_linux.cc(377)] InitializeSandbox() called with multiple threads in process gpu-process.
Apr 08, 2022 20:17:27.529 Opening in existing browser session.
Apr 08, 2022 20:19:20.787 [481701:481701:0408/201920.787397:ERROR:sandbox_linux.cc(377)] InitializeSandbox() called with multiple threads in process gpu-process.
Apr 08, 2022 20:19:21.22 Opening in existing browser session.
Apr 08, 2022 20:39:43.796 [483742:483742:0408/203943.796408:ERROR:sandbox_linux.cc(377)] InitializeSandbox() called with multiple threads in process gpu-process.
Apr 08, 2022 20:39:44.20 Opening in existing browser session.
Apr 11, 2022 11:38:05.912 [580497:580497:0411/113805.912165:ERROR:sandbox_linux.cc(377)] InitializeSandbox() called with multiple threads in process gpu-process.
Apr 11, 2022 11:38:06.142 Opening in existing browser session.
Apr 12, 2022 18:57:24.803 [673221:673221:0412/185724.803279:ERROR:sandbox_linux.cc(377)] InitializeSandbox() called with multiple threads in process gpu-process.
Apr 12, 2022 18:57:25.46 Opening in existing browser session.
Apr 19, 2022 20:40:17.596 [979743:979743:0419/204017.595755:ERROR:sandbox_linux.cc(377)] InitializeSandbox() called with multiple threads in process gpu-process.
Apr 19, 2022 20:40:17.840 Opening in existing browser session.
Apr 20, 2022 10:54:20.305 [1001071:1001071:0420/105420.304976:ERROR:sandbox_linux.cc(377)] InitializeSandbox() called with multiple threads in process gpu-process.
Apr 20, 2022 10:54:20.535 Opening in existing browser session.
Apr 21, 2022 19:12:37.214 [1062232:1062232:0421/191237.214251:ERROR:sandbox_linux.cc(377)] InitializeSandbox() called with multiple threads in process gpu-process.
Apr 21, 2022 19:12:37.481 Opening in existing browser session.
Apr 21, 2022 19:35:15.824 [1063609:1063609:0421/193515.823982:ERROR:sandbox_linux.cc(377)] InitializeSandbox() called with multiple threads in process gpu-process.
Apr 21, 2022 19:35:16.48 Opening in existing browser session.
Apr 21, 2022 20:07:30.911 [1065458:1065458:0421/200730.911205:ERROR:sandbox_linux.cc(377)] InitializeSandbox() called with multiple threads in process gpu-process.
Apr 21, 2022 20:07:31.77 Opening in existing browser session.
Apr 22, 2022 11:15:20.839 [1087835:1087835:0422/111520.839544:ERROR:sandbox_linux.cc(377)] InitializeSandbox() called with multiple threads in process gpu-process.
Apr 22, 2022 11:15:20.978 Opening in existing browser session.

Apr 22, 2022 17:50:22.917 NEW SESSION
Apr 22, 2022 17:50:22.918 [1111224:1111224:0422/175022.917070:ERROR:sandbox_linux.cc(377)] InitializeSandbox() called with multiple threads in process gpu-process.
Apr 22, 2022 17:50:23.89 Opening in existing browser session.
Apr 22, 2022 17:57:32.500 [1111818:1111818:0422/175732.500012:ERROR:sandbox_linux.cc(377)] InitializeSandbox() called with multiple threads in process gpu-process.
Apr 22, 2022 17:57:32.737 Opening in existing browser session.
Apr 22, 2022 18:18:08.757 [1112738:1112738:0422/181808.757553:ERROR:sandbox_linux.cc(377)] InitializeSandbox() called with multiple threads in process gpu-process.
Apr 22, 2022 18:18:08.988 Opening in existing browser session.
Apr 22, 2022 18:24:40.995 [1113141:1113141:0422/182440.995529:ERROR:sandbox_linux.cc(377)] InitializeSandbox() called with multiple threads in process gpu-process.
Apr 22, 2022 18:24:41.231 Opening in existing browser session.
Apr 22, 2022 18:28:31.803 [1113479:1113479:0422/182831.803019:ERROR:sandbox_linux.cc(377)] InitializeSandbox() called with multiple threads in process gpu-process.
Apr 22, 2022 18:28:32.140 Opening in existing browser session.
Apr 22, 2022 18:57:14.544 [1115674:1115674:0422/185714.544310:ERROR:sandbox_linux.cc(377)] InitializeSandbox() called with multiple threads in process gpu-process.
Apr 22, 2022 18:57:14.763 Opening in existing browser session.
Apr 22, 2022 18:58:29.900 [1115901:1115901:0422/185829.900387:ERROR:sandbox_linux.cc(377)] InitializeSandbox() called with multiple threads in process gpu-process.
Apr 22, 2022 18:58:30.140 Opening in existing browser session.
Apr 22, 2022 19:00:49.126 [1116230:1116230:0422/190049.126427:ERROR:sandbox_linux.cc(377)] InitializeSandbox() called with multiple threads in process gpu-process.
Apr 22, 2022 19:00:49.357 Opening in existing browser session.
Apr 22, 2022 19:01:29.500 [1116418:1116418:0422/190129.499776:ERROR:sandbox_linux.cc(377)] InitializeSandbox() called with multiple threads in process gpu-process.
Apr 22, 2022 19:01:29.715 Opening in existing browser session.
Apr 22, 2022 19:02:31.241 [1116603:1116603:0422/190231.240850:ERROR:sandbox_linux.cc(377)] InitializeSandbox() called with multiple threads in process gpu-process.
Apr 22, 2022 19:02:31.463 Opening in existing browser session.
Apr 22, 2022 19:02:57.160 [1116819:1116819:0422/190257.160147:ERROR:sandbox_linux.cc(377)] InitializeSandbox() called with multiple threads in process gpu-process.
Apr 22, 2022 19:02:57.395 Opening in existing browser session.
Apr 22, 2022 19:03:38.500 [1117014:1117014:0422/190338.499979:ERROR:sandbox_linux.cc(377)] InitializeSandbox() called with multiple threads in process gpu-process.
Apr 22, 2022 19:03:38.720 Opening in existing browser session.
Apr 22, 2022 19:07:44.676 [1117569:1117569:0422/190744.676720:ERROR:sandbox_linux.cc(377)] InitializeSandbox() called with multiple threads in process gpu-process.
Apr 22, 2022 19:07:44.903 Opening in existing browser session.
Apr 25, 2022 11:12:36.471 [1340340:1340340:0425/111236.471456:ERROR:sandbox_linux.cc(377)] InitializeSandbox() called with multiple threads in process gpu-process.
Apr 25, 2022 11:12:36.627 Opening in existing browser session.
Apr 25, 2022 11:18:27.88 [1341058:1341058:0425/111827.088538:ERROR:sandbox_linux.cc(377)] InitializeSandbox() called with multiple threads in process gpu-process.
Apr 25, 2022 11:18:27.334 Opening in existing browser session.
Apr 25, 2022 11:19:56.352 [1341321:1341321:0425/111956.352344:ERROR:sandbox_linux.cc(377)] InitializeSandbox() called with multiple threads in process gpu-process.
Apr 25, 2022 11:19:56.569 Opening in existing browser session.
Apr 25, 2022 11:22:42.908 [1341718:1341718:0425/112242.908347:ERROR:sandbox_linux.cc(377)] InitializeSandbox() called with multiple threads in process gpu-process.
Apr 25, 2022 11:22:43.142 Opening in existing browser session.
Apr 25, 2022 11:27:01.112 [1342350:1342350:0425/112701.112721:ERROR:sandbox_linux.cc(377)] InitializeSandbox() called with multiple threads in process gpu-process.
Apr 25, 2022 11:27:01.326 Opening in existing browser session.

Jun 17, 2022 10:51:11.02 NEW SESSION
Jun 17, 2022 10:51:11.03 Opening in existing browser session.
Jun 17, 2022 17:35:51.392 Opening in existing browser session.
Jun 21, 2022 15:01:57.425 Opening in existing browser session.
Jun 21, 2022 15:09:46.248 Opening in existing browser session.
Jun 21, 2022 15:12:31.768 Opening in existing browser session.
Jun 21, 2022 15:18:00.991 Opening in existing browser session.
Jun 22, 2022 15:34:57.645 Opening in existing browser session.
Jun 22, 2022 16:23:37.484 Opening in existing browser session.
Jun 28, 2022 14:06:22.583 Opening in existing browser session.
Jun 28, 2022 14:29:44.688 Opening in existing browser session.
Jun 28, 2022 14:38:03.665 Opening in existing browser session.
Jun 28, 2022 14:39:39.288 Opening in existing browser session.
Jun 28, 2022 14:43:06.197 Opening in existing browser session.
Jun 28, 2022 14:43:38.290 Opening in existing browser session.
Jun 28, 2022 14:45:41.689 Opening in existing browser session.
Jun 28, 2022 14:47:16.167 Opening in existing browser session.
Jun 28, 2022 14:50:54.124 Opening in existing browser session.
Jun 28, 2022 15:13:13.411 Opening in existing browser session.
Jun 28, 2022 15:14:25.20 Opening in existing browser session.
Jun 28, 2022 15:15:07.437 Opening in existing browser session.

Jul 01, 2022 11:54:58.590 NEW SESSION
Jul 01, 2022 11:54:58.590 Opening in existing browser session.

Jul 06, 2022 12:30:04.665 NEW SESSION
Jul 06, 2022 12:30:04.665 Opening in existing browser session.
Jul 06, 2022 12:30:04.860 libva error: /usr/lib/x86_64-linux-gnu/dri/iHD_drv_video.so init failed
Jul 06, 2022 12:37:41.473 libva error: /usr/lib/x86_64-linux-gnu/dri/iHD_drv_video.so init failed
Jul 06, 2022 12:37:41.836 Opening in existing browser session.
Jul 06, 2022 12:38:09.315 libva error: /usr/lib/x86_64-linux-gnu/dri/iHD_drv_video.so init failed
Jul 06, 2022 12:38:09.580 Opening in existing browser session.
Jul 06, 2022 18:09:53.912 libva error: /usr/lib/x86_64-linux-gnu/dri/iHD_drv_video.so init failed
Jul 06, 2022 18:09:54.89 Opening in existing browser session.
Jul 06, 2022 18:12:46.384 libva error: /usr/lib/x86_64-linux-gnu/dri/iHD_drv_video.so init failed
Jul 06, 2022 18:12:46.600 Opening in existing browser session.
Jul 06, 2022 18:14:56.100 libva error: /usr/lib/x86_64-linux-gnu/dri/iHD_drv_video.so init failed
Jul 06, 2022 18:14:56.337 Opening in existing browser session.
Jul 08, 2022 11:10:28.740 libva error: /usr/lib/x86_64-linux-gnu/dri/iHD_drv_video.so init failed
Jul 08, 2022 11:10:29.86 Opening in existing browser session.
Jul 08, 2022 17:41:56.61 Opening in existing browser session.
Jul 08, 2022 17:41:56.171 libva error: /usr/lib/x86_64-linux-gnu/dri/iHD_drv_video.so init failed
Jul 08, 2022 17:42:34.957 libva error: /usr/lib/x86_64-linux-gnu/dri/iHD_drv_video.so init failed
Jul 08, 2022 17:42:35.296 Opening in existing browser session.
